<?xml version="1.0" encoding="UTF-8"?>
<!-- Generated by org.testng.reporters.JUnitXMLReporter -->
<testsuite hostname="LAPTOP-SQ84VLKK" ignored="0" name="Rest API" tests="10" failures="0" timestamp="2020-09-07T17:22:00 PDT" time="4.7" errors="0">
  <testcase name="question1_1_Get_UserNameValue" time="0.024" classname="com.rest.api.RestAssuredAPI"/>
  <testcase name="question1_2_GetAll_SessionIDValues" time="0.0" classname="com.rest.api.RestAssuredAPI"/>
  <testcase name="question1_3_GetLastValue_SessionID" time="0.004" classname="com.rest.api.RestAssuredAPI"/>
  <testcase name="question1_4_GetAllMarks_SecondStudent" time="0.499" classname="com.rest.api.RestAssuredAPI"/>
  <testcase name="question1_5_GetSecondStateValue_FirstStudent" time="0.008" classname="com.rest.api.RestAssuredAPI"/>
  <testcase name="question1_6_GetSecondContactValue_FirstStudent" time="0.012" classname="com.rest.api.RestAssuredAPI"/>
  <testcase name="question1_7_GetAllCities_SecondStudent" time="0.008" classname="com.rest.api.RestAssuredAPI"/>
  <testcase name="question1_8_GetContacts_AllStudents" time="0.008" classname="com.rest.api.RestAssuredAPI"/>
  <testcase name="question1_9_GetAddress_FirstStudent" time="0.008" classname="com.rest.api.RestAssuredAPI"/>
  <testcase name="question2_1_Get_UserID7AndTitle" time="3.999" classname="com.rest.api.RestAssuredAPI"/>
</testsuite> <!-- Rest API -->
